{
  "/Users/syngenta/Downloads/react-multipage-api-sample/src/api.js": {
    "path": "/Users/syngenta/Downloads/react-multipage-api-sample/src/api.js",
    "statementMap": {
      "0": {
        "start": {
          "line": 1,
          "column": 25
        },
        "end": {
          "line": 5,
          "column": 1
        }
      },
      "1": {
        "start": {
          "line": 2,
          "column": 19
        },
        "end": {
          "line": 2,
          "column": 82
        }
      },
      "2": {
        "start": {
          "line": 3,
          "column": 2
        },
        "end": {
          "line": 3,
          "column": 55
        }
      },
      "3": {
        "start": {
          "line": 3,
          "column": 20
        },
        "end": {
          "line": 3,
          "column": 55
        }
      },
      "4": {
        "start": {
          "line": 4,
          "column": 2
        },
        "end": {
          "line": 4,
          "column": 31
        }
      }
    },
    "fnMap": {
      "0": {
        "name": "(anonymous_0)",
        "decl": {
          "start": {
            "line": 1,
            "column": 25
          },
          "end": {
            "line": 1,
            "column": 26
          }
        },
        "loc": {
          "start": {
            "line": 1,
            "column": 45
          },
          "end": {
            "line": 5,
            "column": 1
          }
        },
        "line": 1
      }
    },
    "branchMap": {
      "0": {
        "loc": {
          "start": {
            "line": 3,
            "column": 2
          },
          "end": {
            "line": 3,
            "column": 55
          }
        },
        "type": "if",
        "locations": [
          {
            "start": {
              "line": 3,
              "column": 2
            },
            "end": {
              "line": 3,
              "column": 55
            }
          },
          {
            "start": {},
            "end": {}
          }
        ],
        "line": 3
      }
    },
    "s": {
      "0": 4,
      "1": 0,
      "2": 0,
      "3": 0,
      "4": 0
    },
    "f": {
      "0": 0
    },
    "b": {
      "0": [
        0,
        0
      ]
    },
    "_coverageSchema": "1a1c01bbd47fc00a2c39e90264f33305004495a9",
    "hash": "39ff5c457ec28b9a75e7924759c794c556f29c60"
  },
  "/Users/syngenta/Downloads/react-multipage-api-sample/src/pages/Home.js": {
    "path": "/Users/syngenta/Downloads/react-multipage-api-sample/src/pages/Home.js",
    "statementMap": {
      "0": {
        "start": {
          "line": 5,
          "column": 28
        },
        "end": {
          "line": 5,
          "column": 40
        }
      },
      "1": {
        "start": {
          "line": 7,
          "column": 2
        },
        "end": {
          "line": 9,
          "column": 9
        }
      },
      "2": {
        "start": {
          "line": 8,
          "column": 4
        },
        "end": {
          "line": 8,
          "column": 47
        }
      },
      "3": {
        "start": {
          "line": 11,
          "column": 2
        },
        "end": {
          "line": 20,
          "column": 4
        }
      },
      "4": {
        "start": {
          "line": 16,
          "column": 10
        },
        "end": {
          "line": 16,
          "column": 45
        }
      }
    },
    "fnMap": {
      "0": {
        "name": "Home",
        "decl": {
          "start": {
            "line": 4,
            "column": 9
          },
          "end": {
            "line": 4,
            "column": 13
          }
        },
        "loc": {
          "start": {
            "line": 4,
            "column": 16
          },
          "end": {
            "line": 21,
            "column": 1
          }
        },
        "line": 4
      },
      "1": {
        "name": "(anonymous_1)",
        "decl": {
          "start": {
            "line": 7,
            "column": 12
          },
          "end": {
            "line": 7,
            "column": 13
          }
        },
        "loc": {
          "start": {
            "line": 7,
            "column": 18
          },
          "end": {
            "line": 9,
            "column": 3
          }
        },
        "line": 7
      },
      "2": {
        "name": "(anonymous_2)",
        "decl": {
          "start": {
            "line": 15,
            "column": 19
          },
          "end": {
            "line": 15,
            "column": 20
          }
        },
        "loc": {
          "start": {
            "line": 16,
            "column": 10
          },
          "end": {
            "line": 16,
            "column": 45
          }
        },
        "line": 16
      }
    },
    "branchMap": {},
    "s": {
      "0": 0,
      "1": 0,
      "2": 0,
      "3": 0,
      "4": 0
    },
    "f": {
      "0": 0,
      "1": 0,
      "2": 0
    },
    "b": {},
    "_coverageSchema": "1a1c01bbd47fc00a2c39e90264f33305004495a9",
    "hash": "58cb8e6e643c2de22ccdeccd7311669b7f56a9ad"
  },
  "/Users/syngenta/Downloads/react-multipage-api-sample/src/pages/Contact/Contact.js": {
    "path": "/Users/syngenta/Downloads/react-multipage-api-sample/src/pages/Contact/Contact.js",
    "statementMap": {
      "0": {
        "start": {
          "line": 5,
          "column": 26
        },
        "end": {
          "line": 5,
          "column": 72
        }
      },
      "1": {
        "start": {
          "line": 6,
          "column": 36
        },
        "end": {
          "line": 6,
          "column": 51
        }
      },
      "2": {
        "start": {
          "line": 8,
          "column": 23
        },
        "end": {
          "line": 11,
          "column": 3
        }
      },
      "3": {
        "start": {
          "line": 9,
          "column": 28
        },
        "end": {
          "line": 9,
          "column": 36
        }
      },
      "4": {
        "start": {
          "line": 10,
          "column": 4
        },
        "end": {
          "line": 10,
          "column": 52
        }
      },
      "5": {
        "start": {
          "line": 10,
          "column": 23
        },
        "end": {
          "line": 10,
          "column": 49
        }
      },
      "6": {
        "start": {
          "line": 13,
          "column": 23
        },
        "end": {
          "line": 30,
          "column": 3
        }
      },
      "7": {
        "start": {
          "line": 14,
          "column": 4
        },
        "end": {
          "line": 14,
          "column": 23
        }
      },
      "8": {
        "start": {
          "line": 15,
          "column": 4
        },
        "end": {
          "line": 29,
          "column": 5
        }
      },
      "9": {
        "start": {
          "line": 16,
          "column": 18
        },
        "end": {
          "line": 22,
          "column": 8
        }
      },
      "10": {
        "start": {
          "line": 24,
          "column": 6
        },
        "end": {
          "line": 26,
          "column": 7
        }
      },
      "11": {
        "start": {
          "line": 25,
          "column": 8
        },
        "end": {
          "line": 25,
          "column": 27
        }
      },
      "12": {
        "start": {
          "line": 28,
          "column": 6
        },
        "end": {
          "line": 28,
          "column": 50
        }
      },
      "13": {
        "start": {
          "line": 32,
          "column": 2
        },
        "end": {
          "line": 85,
          "column": 4
        }
      }
    },
    "fnMap": {
      "0": {
        "name": "Contact",
        "decl": {
          "start": {
            "line": 4,
            "column": 9
          },
          "end": {
            "line": 4,
            "column": 16
          }
        },
        "loc": {
          "start": {
            "line": 4,
            "column": 19
          },
          "end": {
            "line": 86,
            "column": 1
          }
        },
        "line": 4
      },
      "1": {
        "name": "(anonymous_1)",
        "decl": {
          "start": {
            "line": 8,
            "column": 23
          },
          "end": {
            "line": 8,
            "column": 24
          }
        },
        "loc": {
          "start": {
            "line": 8,
            "column": 30
          },
          "end": {
            "line": 11,
            "column": 3
          }
        },
        "line": 8
      },
      "2": {
        "name": "(anonymous_2)",
        "decl": {
          "start": {
            "line": 10,
            "column": 12
          },
          "end": {
            "line": 10,
            "column": 13
          }
        },
        "loc": {
          "start": {
            "line": 10,
            "column": 23
          },
          "end": {
            "line": 10,
            "column": 49
          }
        },
        "line": 10
      },
      "3": {
        "name": "(anonymous_3)",
        "decl": {
          "start": {
            "line": 13,
            "column": 23
          },
          "end": {
            "line": 13,
            "column": 24
          }
        },
        "loc": {
          "start": {
            "line": 13,
            "column": 36
          },
          "end": {
            "line": 30,
            "column": 3
          }
        },
        "line": 13
      }
    },
    "branchMap": {
      "0": {
        "loc": {
          "start": {
            "line": 24,
            "column": 6
          },
          "end": {
            "line": 26,
            "column": 7
          }
        },
        "type": "if",
        "locations": [
          {
            "start": {
              "line": 24,
              "column": 6
            },
            "end": {
              "line": 26,
              "column": 7
            }
          },
          {
            "start": {},
            "end": {}
          }
        ],
        "line": 24
      },
      "1": {
        "loc": {
          "start": {
            "line": 35,
            "column": 7
          },
          "end": {
            "line": 83,
            "column": 7
          }
        },
        "type": "cond-expr",
        "locations": [
          {
            "start": {
              "line": 36,
              "column": 8
            },
            "end": {
              "line": 38,
              "column": 12
            }
          },
          {
            "start": {
              "line": 40,
              "column": 8
            },
            "end": {
              "line": 82,
              "column": 15
            }
          }
        ],
        "line": 35
      }
    },
    "s": {
      "0": 196,
      "1": 196,
      "2": 196,
      "3": 94,
      "4": 94,
      "5": 186,
      "6": 196,
      "7": 2,
      "8": 2,
      "9": 2,
      "10": 2,
      "11": 2,
      "12": 0,
      "13": 196
    },
    "f": {
      "0": 196,
      "1": 94,
      "2": 186,
      "3": 2
    },
    "b": {
      "0": [
        2,
        0
      ],
      "1": [
        4,
        192
      ]
    },
    "_coverageSchema": "1a1c01bbd47fc00a2c39e90264f33305004495a9",
    "hash": "8c86ff3b01744405b67f1969c16251054f1eb46d"
  },
  "/Users/syngenta/Downloads/react-multipage-api-sample/src/pages/context/UserContext.js": {
    "path": "/Users/syngenta/Downloads/react-multipage-api-sample/src/pages/context/UserContext.js",
    "statementMap": {
      "0": {
        "start": {
          "line": 3,
          "column": 27
        },
        "end": {
          "line": 3,
          "column": 42
        }
      },
      "1": {
        "start": {
          "line": 6,
          "column": 28
        },
        "end": {
          "line": 6,
          "column": 40
        }
      },
      "2": {
        "start": {
          "line": 8,
          "column": 18
        },
        "end": {
          "line": 10,
          "column": 3
        }
      },
      "3": {
        "start": {
          "line": 9,
          "column": 4
        },
        "end": {
          "line": 9,
          "column": 40
        }
      },
      "4": {
        "start": {
          "line": 9,
          "column": 23
        },
        "end": {
          "line": 9,
          "column": 38
        }
      },
      "5": {
        "start": {
          "line": 12,
          "column": 2
        },
        "end": {
          "line": 16,
          "column": 4
        }
      }
    },
    "fnMap": {
      "0": {
        "name": "UserProvider",
        "decl": {
          "start": {
            "line": 5,
            "column": 16
          },
          "end": {
            "line": 5,
            "column": 28
          }
        },
        "loc": {
          "start": {
            "line": 5,
            "column": 43
          },
          "end": {
            "line": 17,
            "column": 1
          }
        },
        "line": 5
      },
      "1": {
        "name": "(anonymous_1)",
        "decl": {
          "start": {
            "line": 8,
            "column": 18
          },
          "end": {
            "line": 8,
            "column": 19
          }
        },
        "loc": {
          "start": {
            "line": 8,
            "column": 28
          },
          "end": {
            "line": 10,
            "column": 3
          }
        },
        "line": 8
      },
      "2": {
        "name": "(anonymous_2)",
        "decl": {
          "start": {
            "line": 9,
            "column": 13
          },
          "end": {
            "line": 9,
            "column": 14
          }
        },
        "loc": {
          "start": {
            "line": 9,
            "column": 23
          },
          "end": {
            "line": 9,
            "column": 38
          }
        },
        "line": 9
      }
    },
    "branchMap": {},
    "s": {
      "0": 4,
      "1": 12,
      "2": 12,
      "3": 2,
      "4": 2,
      "5": 12
    },
    "f": {
      "0": 12,
      "1": 2,
      "2": 2
    },
    "b": {},
    "_coverageSchema": "1a1c01bbd47fc00a2c39e90264f33305004495a9",
    "hash": "cbd6b1f0d0cb4d94905223effe6062fc524671bb"
  },
  "/Users/syngenta/Downloads/react-multipage-api-sample/src/pages/Users/AddUsers.js": {
    "path": "/Users/syngenta/Downloads/react-multipage-api-sample/src/pages/Users/AddUsers.js",
    "statementMap": {
      "0": {
        "start": {
          "line": 7,
          "column": 22
        },
        "end": {
          "line": 7,
          "column": 45
        }
      },
      "1": {
        "start": {
          "line": 8,
          "column": 26
        },
        "end": {
          "line": 8,
          "column": 59
        }
      },
      "2": {
        "start": {
          "line": 10,
          "column": 23
        },
        "end": {
          "line": 13,
          "column": 3
        }
      },
      "3": {
        "start": {
          "line": 11,
          "column": 28
        },
        "end": {
          "line": 11,
          "column": 36
        }
      },
      "4": {
        "start": {
          "line": 12,
          "column": 4
        },
        "end": {
          "line": 12,
          "column": 52
        }
      },
      "5": {
        "start": {
          "line": 12,
          "column": 23
        },
        "end": {
          "line": 12,
          "column": 49
        }
      },
      "6": {
        "start": {
          "line": 15,
          "column": 23
        },
        "end": {
          "line": 19,
          "column": 3
        }
      },
      "7": {
        "start": {
          "line": 16,
          "column": 4
        },
        "end": {
          "line": 16,
          "column": 23
        }
      },
      "8": {
        "start": {
          "line": 17,
          "column": 4
        },
        "end": {
          "line": 17,
          "column": 18
        }
      },
      "9": {
        "start": {
          "line": 18,
          "column": 4
        },
        "end": {
          "line": 18,
          "column": 37
        }
      },
      "10": {
        "start": {
          "line": 21,
          "column": 2
        },
        "end": {
          "line": 53,
          "column": 4
        }
      }
    },
    "fnMap": {
      "0": {
        "name": "AddUser",
        "decl": {
          "start": {
            "line": 6,
            "column": 9
          },
          "end": {
            "line": 6,
            "column": 16
          }
        },
        "loc": {
          "start": {
            "line": 6,
            "column": 19
          },
          "end": {
            "line": 54,
            "column": 1
          }
        },
        "line": 6
      },
      "1": {
        "name": "(anonymous_1)",
        "decl": {
          "start": {
            "line": 10,
            "column": 23
          },
          "end": {
            "line": 10,
            "column": 24
          }
        },
        "loc": {
          "start": {
            "line": 10,
            "column": 30
          },
          "end": {
            "line": 13,
            "column": 3
          }
        },
        "line": 10
      },
      "2": {
        "name": "(anonymous_2)",
        "decl": {
          "start": {
            "line": 12,
            "column": 12
          },
          "end": {
            "line": 12,
            "column": 13
          }
        },
        "loc": {
          "start": {
            "line": 12,
            "column": 23
          },
          "end": {
            "line": 12,
            "column": 49
          }
        },
        "line": 12
      },
      "3": {
        "name": "(anonymous_3)",
        "decl": {
          "start": {
            "line": 15,
            "column": 23
          },
          "end": {
            "line": 15,
            "column": 24
          }
        },
        "loc": {
          "start": {
            "line": 15,
            "column": 30
          },
          "end": {
            "line": 19,
            "column": 3
          }
        },
        "line": 15
      }
    },
    "branchMap": {},
    "s": {
      "0": 104,
      "1": 104,
      "2": 104,
      "3": 48,
      "4": 48,
      "5": 94,
      "6": 104,
      "7": 2,
      "8": 2,
      "9": 2,
      "10": 104
    },
    "f": {
      "0": 104,
      "1": 48,
      "2": 94,
      "3": 2
    },
    "b": {},
    "_coverageSchema": "1a1c01bbd47fc00a2c39e90264f33305004495a9",
    "hash": "4ac98a052f35d4d02d4562771896ff62334d3065"
  },
  "/Users/syngenta/Downloads/react-multipage-api-sample/src/pages/Users/UserList.js": {
    "path": "/Users/syngenta/Downloads/react-multipage-api-sample/src/pages/Users/UserList.js",
    "statementMap": {
      "0": {
        "start": {
          "line": 7,
          "column": 20
        },
        "end": {
          "line": 7,
          "column": 43
        }
      },
      "1": {
        "start": {
          "line": 9,
          "column": 2
        },
        "end": {
          "line": 24,
          "column": 4
        }
      },
      "2": {
        "start": {
          "line": 17,
          "column": 12
        },
        "end": {
          "line": 19,
          "column": 17
        }
      }
    },
    "fnMap": {
      "0": {
        "name": "UserList",
        "decl": {
          "start": {
            "line": 6,
            "column": 9
          },
          "end": {
            "line": 6,
            "column": 17
          }
        },
        "loc": {
          "start": {
            "line": 6,
            "column": 20
          },
          "end": {
            "line": 25,
            "column": 1
          }
        },
        "line": 6
      },
      "1": {
        "name": "(anonymous_1)",
        "decl": {
          "start": {
            "line": 16,
            "column": 21
          },
          "end": {
            "line": 16,
            "column": 22
          }
        },
        "loc": {
          "start": {
            "line": 17,
            "column": 12
          },
          "end": {
            "line": 19,
            "column": 17
          }
        },
        "line": 17
      }
    },
    "branchMap": {
      "0": {
        "loc": {
          "start": {
            "line": 12,
            "column": 7
          },
          "end": {
            "line": 22,
            "column": 7
          }
        },
        "type": "cond-expr",
        "locations": [
          {
            "start": {
              "line": 13,
              "column": 8
            },
            "end": {
              "line": 13,
              "column": 58
            }
          },
          {
            "start": {
              "line": 15,
              "column": 8
            },
            "end": {
              "line": 21,
              "column": 13
            }
          }
        ],
        "line": 12
      }
    },
    "s": {
      "0": 4,
      "1": 4,
      "2": 4
    },
    "f": {
      "0": 4,
      "1": 4
    },
    "b": {
      "0": [
        0,
        4
      ]
    },
    "_coverageSchema": "1a1c01bbd47fc00a2c39e90264f33305004495a9",
    "hash": "ed396f440badc365ca7a75e9a4ae564ab6be6da9"
  },
  "/Users/syngenta/Downloads/react-multipage-api-sample/src/App.js": {
    "path": "/Users/syngenta/Downloads/react-multipage-api-sample/src/App.js",
    "statementMap": {
      "0": {
        "start": {
          "line": 16,
          "column": 2
        },
        "end": {
          "line": 52,
          "column": 4
        }
      }
    },
    "fnMap": {
      "0": {
        "name": "App",
        "decl": {
          "start": {
            "line": 15,
            "column": 9
          },
          "end": {
            "line": 15,
            "column": 12
          }
        },
        "loc": {
          "start": {
            "line": 15,
            "column": 15
          },
          "end": {
            "line": 53,
            "column": 1
          }
        },
        "line": 15
      }
    },
    "branchMap": {},
    "s": {
      "0": 8
    },
    "f": {
      "0": 8
    },
    "b": {},
    "_coverageSchema": "1a1c01bbd47fc00a2c39e90264f33305004495a9",
    "hash": "fe310b05426810284330d53c20183a31b7375ded"
  },
  "/Users/syngenta/Downloads/react-multipage-api-sample/src/index.js": {
    "path": "/Users/syngenta/Downloads/react-multipage-api-sample/src/index.js",
    "statementMap": {
      "0": {
        "start": {
          "line": 6,
          "column": 13
        },
        "end": {
          "line": 6,
          "column": 65
        }
      },
      "1": {
        "start": {
          "line": 7,
          "column": 0
        },
        "end": {
          "line": 13,
          "column": 2
        }
      }
    },
    "fnMap": {},
    "branchMap": {},
    "s": {
      "0": 4,
      "1": 4
    },
    "f": {},
    "b": {},
    "_coverageSchema": "1a1c01bbd47fc00a2c39e90264f33305004495a9",
    "hash": "eaf42a99084b545b2b46592ec01e22483df90e83"
  }
}